{"level":"info","message":"Le post a bien été créé","service":"user-service"}
{"level":"warn","message":"Tentative de suppression d'un utilisateur inexistant","service":"user-service"}
{"level":"warn","message":"Tentative de suppression d'un utilisateur inexistant","service":"user-service"}
{"level":"warn","message":"Tentative de suppression d'un utilisateur inexistant","service":"user-service"}
{"level":"warn","message":"Tentative de suppression d'un utilisateur inexistant","service":"user-service","timestamp":"2023-08-30 20:34:42"}
{"level":"error","message":"Erreur lors de la connexion d'un utilisateur","service":"user-service","timestamp":"2023-08-31 13:32:21"}
{"level":"warn","message":"Échec de la validation lors de la tentative de connexion","service":"user-service","timestamp":"2023-08-31 13:33:22"}
{"level":"error","message":"Erreur lors de la connexion d'un utilisateur","service":"user-service","timestamp":"2023-08-31 13:33:30"}
{"level":"error","message":"Erreur lors de la connexion d'un utilisateur","service":"user-service","timestamp":"2023-08-31 13:34:13"}
{"level":"error","message":"Erreur lors de la connexion d'un utilisateur","service":"user-service","timestamp":"2023-08-31 13:36:38"}
{"level":"error","message":"Erreur lors de la connexion d'un utilisateur","service":"user-service","timestamp":"2023-08-31 13:37:25"}
{"level":"error","message":"Erreur lors de la connexion d'un utilisateur","service":"user-service","timestamp":"2023-08-31 13:37:43"}
{"level":"error","message":"Erreur lors de la connexion d'un utilisateur","service":"user-service","timestamp":"2023-08-31 13:38:40"}
{"level":"error","message":"Erreur lors de la connexion d'un utilisateur","service":"user-service","timestamp":"2023-08-31 13:43:12"}
{"level":"error","message":"Erreur lors de la connexion d'un utilisateur","service":"user-service","timestamp":"2023-08-31 13:43:32"}
{"level":"error","message":"Erreur lors de la connexion d'un utilisateur","service":"user-service","timestamp":"2023-08-31 13:44:11"}
{"level":"info","message":"Utilisateur snake@gmail.com connecté avec succès","service":"user-service","timestamp":"2023-08-31 13:45:59"}
{"level":"info","message":"Le post a bien été créé","service":"user-service","timestamp":"2023-08-31 14:36:50"}
{"level":"info","message":"Récupération de tous les posts réussie","service":"user-service","timestamp":"2023-08-31 14:37:02"}
{"level":"error","message":"Token invalide","service":"user-service","timestamp":"2023-08-31 14:41:31"}
{"level":"info","message":"Utilisateur authentifié avec succès. ID de l'utilisateur : 64ef73185959a5876284af48","service":"user-service","timestamp":"2023-08-31 14:41:54"}
{"level":"warn","message":"Tentative de mise à jour non autorisée","service":"user-service","timestamp":"2023-08-31 14:41:54"}
{"level":"info","message":"Utilisateur authentifié avec succès. ID de l'utilisateur : 64ef73185959a5876284af48","service":"user-service","timestamp":"2023-08-31 14:42:30"}
{"level":"warn","message":"Tentative de mise à jour non autorisée","service":"user-service","timestamp":"2023-08-31 14:42:30"}
{"level":"info","message":"Utilisateur authentifié avec succès. ID de l'utilisateur : 64ef73185959a5876284af48","service":"user-service","timestamp":"2023-08-31 14:43:57"}
{"level":"info","message":"Post ID 64ef85c7c7a8f12ad82c4d0a mis à jour","service":"user-service","timestamp":"2023-08-31 14:43:57"}
{"level":"info","message":"Utilisateur authentifié avec succès. ID de l'utilisateur : 64ef73185959a5876284af48","service":"user-service","timestamp":"2023-08-31 14:44:38"}
{"level":"info","message":"Post ID 64ef85c7c7a8f12ad82c4d0a supprimé avec succès","service":"user-service","timestamp":"2023-08-31 14:44:38"}
{"level":"info","message":"Récupération du post ID 64ef53cbaf6d15f4f5fa386c réussie","service":"user-service","timestamp":"2023-08-31 14:45:26"}
{"level":"info","message":"Utilisateur authentifié avec succès. ID de l'utilisateur : 64ef73185959a5876284af48","service":"user-service","timestamp":"2023-08-31 14:45:54"}
{"level":"info","message":"Nouveau commentaire créé","service":"user-service","timestamp":"2023-08-31 14:45:54"}
{"level":"info","message":"Utilisateur authentifié avec succès. ID de l'utilisateur : 64ef73185959a5876284af48","service":"user-service","timestamp":"2023-08-31 14:46:45"}
{"level":"warn","message":"Tentative de suppression non autorisée","service":"user-service","timestamp":"2023-08-31 14:46:45"}
{"level":"info","message":"Utilisateur authentifié avec succès. ID de l'utilisateur : 64ef73185959a5876284af48","service":"user-service","timestamp":"2023-08-31 14:46:56"}
{"level":"info","message":"Commentaire ID 64f08b82b10d9e782f04dfed supprimé","service":"user-service","timestamp":"2023-08-31 14:46:56"}
{"level":"info","message":"Utilisateur authentifié avec succès. ID de l'utilisateur : 64ef73185959a5876284af48","service":"user-service","timestamp":"2023-08-31 14:47:47"}
{"level":"warn","message":"Échec de la validation à la mise à jour: \"body\" length must be at least 100 characters long","service":"user-service","timestamp":"2023-08-31 14:47:47"}
{"level":"info","message":"Utilisateur authentifié avec succès. ID de l'utilisateur : 64ef73185959a5876284af48","service":"user-service","timestamp":"2023-08-31 14:48:00"}
{"level":"warn","message":"Tentative de mise à jour non autorisée","service":"user-service","timestamp":"2023-08-31 14:48:00"}
{"level":"info","message":"Utilisateur authentifié avec succès. ID de l'utilisateur : 64ef73185959a5876284af48","service":"user-service","timestamp":"2023-08-31 14:48:11"}
{"level":"warn","message":"Commentaire ID 64f08b82b10d9e782f04dfed introuvable","service":"user-service","timestamp":"2023-08-31 14:48:11"}
{"level":"info","message":"Utilisateur authentifié avec succès. ID de l'utilisateur : 64ef73185959a5876284af48","service":"user-service","timestamp":"2023-08-31 14:48:38"}
{"level":"warn","message":"Commentaire ID 64f08b82b10d9e782f04dfed introuvable","service":"user-service","timestamp":"2023-08-31 14:48:38"}
{"level":"info","message":"Utilisateur authentifié avec succès. ID de l'utilisateur : 64ef73185959a5876284af48","service":"user-service","timestamp":"2023-08-31 14:48:59"}
{"level":"info","message":"Nouveau commentaire créé","service":"user-service","timestamp":"2023-08-31 14:48:59"}
{"level":"info","message":"Utilisateur authentifié avec succès. ID de l'utilisateur : 64ef73185959a5876284af48","service":"user-service","timestamp":"2023-08-31 14:49:16"}
{"level":"info","message":"Commentaire ID 64f08c3bb10d9e782f04dff9 mis à jour","service":"user-service","timestamp":"2023-08-31 14:49:16"}
{"level":"error","message":"Token invalide","service":"user-service","timestamp":"2023-08-31 14:49:31"}
{"level":"info","message":"Utilisateur authentifié avec succès. ID de l'utilisateur : 64ef73185959a5876284af48","service":"user-service","timestamp":"2023-08-31 14:49:45"}
{"level":"info","message":"Utilisateur haggf@gmail.com supprimé avec succès","service":"user-service","timestamp":"2023-08-31 14:49:45"}
{"level":"info","message":"Utilisateur neila@gmail.com créé avec succès","service":"user-service","timestamp":"2023-08-31 14:50:06"}
{"level":"info","message":"Utilisateur snake@gmail.com connecté avec succès","service":"user-service","timestamp":"2023-08-31 19:24:00"}
{"level":"error","message":"Vous n'avez pas fourni de jeton d'authentification. Ajoutez-en un dans l'en-tête de la requête.","service":"user-service","timestamp":"2023-08-31 19:25:50"}
{"level":"info","message":"Utilisateur authentifié avec succès. ID de l'utilisateur : 64ef73185959a5876284af48","service":"user-service","timestamp":"2023-08-31 19:26:25"}
{"level":"info","message":"Utilisateur authentifié avec succès. ID de l'utilisateur : 64ef73185959a5876284af48","service":"user-service","timestamp":"2023-08-31 19:26:59"}
{"level":"info","message":"Utilisateur authentifié avec succès. ID de l'utilisateur : 64ef73185959a5876284af48","service":"user-service","timestamp":"2023-08-31 19:27:15"}
{"level":"info","message":"Utilisateur authentifié avec succès. ID de l'utilisateur : 64ef73185959a5876284af48","service":"user-service","timestamp":"2023-08-31 19:28:21"}
{"level":"info","message":"Utilisateur authentifié avec succès. ID de l'utilisateur : 64ef73185959a5876284af48","service":"user-service","timestamp":"2023-08-31 19:28:47"}
{"level":"info","message":"Utilisateur authentifié avec succès. ID de l'utilisateur : 64ef73185959a5876284af48","service":"user-service","timestamp":"2023-08-31 19:31:32"}
{"level":"info","message":"Utilisateur authentifié avec succès. ID de l'utilisateur : 64ef73185959a5876284af48","service":"user-service","timestamp":"2023-08-31 19:32:17"}
{"level":"info","message":"Utilisateur authentifié avec succès. ID de l'utilisateur : 64ef73185959a5876284af48","service":"user-service","timestamp":"2023-08-31 20:19:01"}
{"level":"info","message":"Utilisateur authentifié avec succès. ID de l'utilisateur : 64ef73185959a5876284af48","service":"user-service","timestamp":"2023-08-31 20:29:46"}
{"level":"info","message":"Utilisateur authentifié avec succès. ID de l'utilisateur : 64ef73185959a5876284af48","service":"user-service","timestamp":"2023-08-31 20:30:01"}
{"level":"info","message":"Utilisateur authentifié avec succès. ID de l'utilisateur : 64ef73185959a5876284af48","service":"user-service","timestamp":"2023-08-31 20:32:34"}
{"level":"info","message":"Utilisateur snake@gmail.com connecté avec succès","service":"user-service","timestamp":"2023-09-01 10:53:43"}
{"level":"info","message":"Utilisateur authentifié avec succès. ID de l'utilisateur : 64ef73185959a5876284af48","service":"user-service","timestamp":"2023-09-01 10:54:26"}
{"level":"info","message":"Le post a bien été créé","service":"user-service","timestamp":"2023-09-01 10:54:26"}
{"level":"error","message":"Le token a expiré","service":"user-service","timestamp":"2023-09-02 12:44:42"}
{"level":"info","message":"Utilisateur snake@gmail.com connecté avec succès","service":"user-service","timestamp":"2023-09-02 12:44:52"}
{"level":"info","message":"Utilisateur authentifié avec succès. ID de l'utilisateur : 64ef73185959a5876284af48","service":"user-service","timestamp":"2023-09-02 12:45:06"}
{"level":"info","message":"Utilisateur authentifié avec succès. ID de l'utilisateur : 64ef73185959a5876284af48","service":"user-service","timestamp":"2023-09-02 12:47:05"}
{"level":"info","message":"Utilisateur authentifié avec succès. ID de l'utilisateur : 64ef73185959a5876284af48","service":"user-service","timestamp":"2023-09-02 12:47:46"}
{"level":"info","message":"Utilisateur authentifié avec succès. ID de l'utilisateur : 64ef73185959a5876284af48","service":"user-service","timestamp":"2023-09-02 12:52:28"}
{"level":"info","message":"Utilisateur authentifié avec succès. ID de l'utilisateur : 64ef73185959a5876284af48","service":"user-service","timestamp":"2023-09-02 12:53:41"}
{"level":"info","message":"Utilisateur authentifié avec succès. ID de l'utilisateur : 64ef73185959a5876284af48","service":"user-service","timestamp":"2023-09-02 12:55:03"}
{"level":"info","message":"Utilisateur authentifié avec succès. ID de l'utilisateur : 64ef73185959a5876284af48","service":"user-service","timestamp":"2023-09-02 12:56:22"}
{"level":"info","message":"Utilisateur authentifié avec succès. ID de l'utilisateur : 64ef73185959a5876284af48","service":"user-service","timestamp":"2023-09-02 12:58:23"}
{"level":"info","message":"Utilisateur authentifié avec succès. ID de l'utilisateur : 64ef73185959a5876284af48","service":"user-service","timestamp":"2023-09-02 12:59:25"}
{"level":"info","message":"Utilisateur authentifié avec succès. ID de l'utilisateur : 64ef73185959a5876284af48","service":"user-service","timestamp":"2023-09-02 13:00:16"}
{"level":"info","message":"Utilisateur authentifié avec succès. ID de l'utilisateur : 64ef73185959a5876284af48","service":"user-service","timestamp":"2023-09-02 13:00:53"}
{"level":"info","message":"Utilisateur authentifié avec succès. ID de l'utilisateur : 64ef73185959a5876284af48","service":"user-service","timestamp":"2023-09-02 13:03:04"}
{"level":"info","message":"Utilisateur authentifié avec succès. ID de l'utilisateur : 64ef73185959a5876284af48","service":"user-service","timestamp":"2023-09-02 14:11:11"}
{"level":"info","message":"Utilisateur authentifié avec succès. ID de l'utilisateur : 64ef73185959a5876284af48","service":"user-service","timestamp":"2023-09-02 14:12:19"}
{"level":"info","message":"Utilisateur authentifié avec succès. ID de l'utilisateur : 64ef73185959a5876284af48","service":"user-service","timestamp":"2023-09-02 14:13:18"}
{"level":"info","message":"Utilisateur snake@gmail.com connecté avec succès","service":"user-service","timestamp":"2023-09-02 14:15:33"}
{"level":"info","message":"Utilisateur authentifié avec succès. ID de l'utilisateur : 64ef73185959a5876284af48","service":"user-service","timestamp":"2023-09-02 14:17:26"}
{"level":"info","message":"Utilisateur authentifié avec succès. ID de l'utilisateur : 64ef73185959a5876284af48","service":"user-service","timestamp":"2023-09-02 14:21:33"}
{"level":"info","message":"Utilisateur authentifié avec succès. ID de l'utilisateur : 64ef73185959a5876284af48","service":"user-service","timestamp":"2023-09-02 14:21:52"}
{"level":"info","message":"Utilisateur authentifié avec succès. ID de l'utilisateur : 64ef73185959a5876284af48","service":"user-service","timestamp":"2023-09-02 14:25:19"}
{"level":"info","message":"Utilisateur authentifié avec succès. ID de l'utilisateur : 64ef73185959a5876284af48","service":"user-service","timestamp":"2023-09-02 14:26:31"}
{"level":"info","message":"Utilisateur authentifié avec succès. ID de l'utilisateur : 64ef73185959a5876284af48","service":"user-service","timestamp":"2023-09-02 14:31:50"}
{"level":"info","message":"Utilisateur authentifié avec succès. ID de l'utilisateur : 64ef73185959a5876284af48","service":"user-service","timestamp":"2023-09-02 14:35:48"}
{"level":"info","message":"Utilisateur authentifié avec succès. ID de l'utilisateur : 64ef73185959a5876284af48","service":"user-service","timestamp":"2023-09-02 14:37:09"}
{"level":"info","message":"Utilisateur authentifié avec succès. ID de l'utilisateur : 64ef73185959a5876284af48","service":"user-service","timestamp":"2023-09-02 14:38:28"}
{"level":"info","message":"Utilisateur authentifié avec succès. ID de l'utilisateur : 64ef73185959a5876284af48","service":"user-service","timestamp":"2023-09-02 14:38:41"}
{"level":"info","message":"Utilisateur authentifié avec succès. ID de l'utilisateur : 64ef73185959a5876284af48","service":"user-service","timestamp":"2023-09-02 14:39:24"}
{"level":"info","message":"Utilisateur authentifié avec succès. ID de l'utilisateur : 64ef73185959a5876284af48","service":"user-service","timestamp":"2023-09-02 15:32:29"}
{"level":"info","message":"Utilisateur authentifié avec succès. ID de l'utilisateur : 64ef73185959a5876284af48","service":"user-service","timestamp":"2023-09-02 15:33:30"}
{"level":"info","message":"Utilisateur authentifié avec succès. ID de l'utilisateur : 64ef73185959a5876284af48","service":"user-service","timestamp":"2023-09-02 15:35:51"}
{"level":"info","message":"Utilisateur authentifié avec succès. ID de l'utilisateur : 64ef73185959a5876284af48","service":"user-service","timestamp":"2023-09-02 15:43:41"}
{"level":"info","message":"Utilisateur authentifié avec succès. ID de l'utilisateur : 64ef73185959a5876284af48","service":"user-service","timestamp":"2023-09-02 15:45:09"}
{"level":"info","message":"Utilisateur authentifié avec succès. ID de l'utilisateur : 64ef73185959a5876284af48","service":"user-service","timestamp":"2023-09-02 15:45:30"}
{"level":"info","message":"Utilisateur authentifié avec succès. ID de l'utilisateur : 64ef73185959a5876284af48","service":"user-service","timestamp":"2023-09-02 15:46:05"}
{"level":"info","message":"Utilisateur authentifié avec succès. ID de l'utilisateur : 64ef73185959a5876284af48","service":"user-service","timestamp":"2023-09-02 15:46:31"}
{"level":"info","message":"Utilisateur authentifié avec succès. ID de l'utilisateur : 64ef73185959a5876284af48","service":"user-service","timestamp":"2023-09-02 15:47:54"}
{"level":"info","message":"Utilisateur authentifié avec succès. ID de l'utilisateur : 64ef73185959a5876284af48","service":"user-service","timestamp":"2023-09-02 15:48:38"}
{"level":"info","message":"Utilisateur authentifié avec succès. ID de l'utilisateur : 64ef73185959a5876284af48","service":"user-service","timestamp":"2023-09-02 15:49:19"}
{"level":"info","message":"Utilisateur authentifié avec succès. ID de l'utilisateur : 64ef73185959a5876284af48","service":"user-service","timestamp":"2023-09-02 15:50:40"}
{"level":"info","message":"Utilisateur authentifié avec succès. ID de l'utilisateur : 64ef73185959a5876284af48","service":"user-service","timestamp":"2023-09-02 15:51:06"}
{"level":"info","message":"Utilisateur authentifié avec succès. ID de l'utilisateur : 64ef73185959a5876284af48","service":"user-service","timestamp":"2023-09-02 15:51:41"}
{"level":"info","message":"Utilisateur authentifié avec succès. ID de l'utilisateur : 64ef73185959a5876284af48","service":"user-service","timestamp":"2023-09-02 15:53:08"}
{"level":"info","message":"Utilisateur authentifié avec succès. ID de l'utilisateur : 64ef73185959a5876284af48","service":"user-service","timestamp":"2023-09-02 15:54:42"}
{"level":"info","message":"Utilisateur authentifié avec succès. ID de l'utilisateur : 64ef73185959a5876284af48","service":"user-service","timestamp":"2023-09-02 16:01:00"}
{"level":"info","message":"Utilisateur authentifié avec succès. ID de l'utilisateur : 64ef73185959a5876284af48","service":"user-service","timestamp":"2023-09-02 16:05:05"}
{"level":"info","message":"Utilisateur authentifié avec succès. ID de l'utilisateur : 64ef73185959a5876284af48","service":"user-service","timestamp":"2023-09-02 16:10:53"}
{"level":"info","message":"Utilisateur authentifié avec succès. ID de l'utilisateur : 64ef73185959a5876284af48","service":"user-service","timestamp":"2023-09-02 16:15:14"}
{"level":"info","message":"Utilisateur authentifié avec succès. ID de l'utilisateur : 64ef73185959a5876284af48","service":"user-service","timestamp":"2023-09-02 16:17:52"}
{"level":"info","message":"Utilisateur authentifié avec succès. ID de l'utilisateur : 64ef73185959a5876284af48","service":"user-service","timestamp":"2023-09-02 16:23:08"}
{"level":"info","message":"Utilisateur authentifié avec succès. ID de l'utilisateur : 64ef73185959a5876284af48","service":"user-service","timestamp":"2023-09-02 16:23:23"}
{"level":"info","message":"Utilisateur authentifié avec succès. ID de l'utilisateur : 64ef73185959a5876284af48","service":"user-service","timestamp":"2023-09-02 16:23:44"}
{"level":"info","message":"Utilisateur authentifié avec succès. ID de l'utilisateur : 64ef73185959a5876284af48","service":"user-service","timestamp":"2023-09-02 16:25:42"}
{"level":"info","message":"Utilisateur authentifié avec succès. ID de l'utilisateur : 64ef73185959a5876284af48","service":"user-service","timestamp":"2023-09-02 16:26:18"}
{"level":"info","message":"Utilisateur authentifié avec succès. ID de l'utilisateur : 64ef73185959a5876284af48","service":"user-service","timestamp":"2023-09-02 16:26:29"}
{"level":"info","message":"Utilisateur authentifié avec succès. ID de l'utilisateur : 64ef73185959a5876284af48","service":"user-service","timestamp":"2023-09-02 16:27:02"}
{"level":"info","message":"Utilisateur authentifié avec succès. ID de l'utilisateur : 64ef73185959a5876284af48","service":"user-service","timestamp":"2023-09-02 16:39:27"}
{"level":"info","message":"Utilisateur authentifié avec succès. ID de l'utilisateur : 64ef73185959a5876284af48","service":"user-service","timestamp":"2023-09-02 16:39:42"}
{"level":"info","message":"Utilisateur authentifié avec succès. ID de l'utilisateur : 64ef73185959a5876284af48","service":"user-service","timestamp":"2023-09-02 16:41:44"}
{"level":"info","message":"Utilisateur authentifié avec succès. ID de l'utilisateur : 64ef73185959a5876284af48","service":"user-service","timestamp":"2023-09-02 16:42:04"}
{"level":"info","message":"Utilisateur snake@gmail.com connecté avec succès","service":"user-service","timestamp":"2023-09-02 16:43:31"}
{"level":"info","message":"Utilisateur authentifié avec succès. ID de l'utilisateur : 64ef73185959a5876284af48","service":"user-service","timestamp":"2023-09-02 16:43:43"}
{"level":"info","message":"Utilisateur authentifié avec succès. ID de l'utilisateur : 64ef73185959a5876284af48","service":"user-service","timestamp":"2023-09-02 16:44:54"}
{"level":"info","message":"Utilisateur authentifié avec succès. ID de l'utilisateur : 64ef73185959a5876284af48","service":"user-service","timestamp":"2023-09-02 16:49:38"}
{"level":"info","message":"Utilisateur authentifié avec succès. ID de l'utilisateur : 64ef73185959a5876284af48","service":"user-service","timestamp":"2023-09-02 17:00:52"}
{"level":"info","message":"Utilisateur authentifié avec succès. ID de l'utilisateur : 64ef73185959a5876284af48","service":"user-service","timestamp":"2023-09-02 17:01:23"}
{"level":"info","message":"Utilisateur authentifié avec succès. ID de l'utilisateur : 64ef73185959a5876284af48","service":"user-service","timestamp":"2023-09-02 17:03:28"}
{"level":"info","message":"Utilisateur authentifié avec succès. ID de l'utilisateur : 64ef73185959a5876284af48","service":"user-service","timestamp":"2023-09-02 17:04:27"}
{"level":"info","message":"Utilisateur authentifié avec succès. ID de l'utilisateur : 64ef73185959a5876284af48","service":"user-service","timestamp":"2023-09-02 17:05:48"}
{"level":"info","message":"Utilisateur authentifié avec succès. ID de l'utilisateur : 64ef73185959a5876284af48","service":"user-service","timestamp":"2023-09-02 17:06:10"}
{"level":"info","message":"Utilisateur authentifié avec succès. ID de l'utilisateur : 64ef73185959a5876284af48","service":"user-service","timestamp":"2023-09-02 17:06:19"}
{"level":"info","message":"Utilisateur authentifié avec succès. ID de l'utilisateur : 64ef73185959a5876284af48","service":"user-service","timestamp":"2023-09-02 17:06:36"}
{"level":"info","message":"Utilisateur authentifié avec succès. ID de l'utilisateur : 64ef73185959a5876284af48","service":"user-service","timestamp":"2023-09-02 17:07:03"}
{"level":"info","message":"Utilisateur authentifié avec succès. ID de l'utilisateur : 64ef73185959a5876284af48","service":"user-service","timestamp":"2023-09-02 17:07:29"}
{"level":"info","message":"Utilisateur authentifié avec succès. ID de l'utilisateur : 64ef73185959a5876284af48","service":"user-service","timestamp":"2023-09-02 17:07:56"}
{"level":"info","message":"Utilisateur authentifié avec succès. ID de l'utilisateur : 64ef73185959a5876284af48","service":"user-service","timestamp":"2023-09-02 17:08:17"}
{"level":"info","message":"Utilisateur authentifié avec succès. ID de l'utilisateur : 64ef73185959a5876284af48","service":"user-service","timestamp":"2023-09-02 17:08:30"}
{"level":"info","message":"Utilisateur authentifié avec succès. ID de l'utilisateur : 64ef73185959a5876284af48","service":"user-service","timestamp":"2023-09-02 17:08:41"}
{"level":"info","message":"Utilisateur authentifié avec succès. ID de l'utilisateur : 64ef73185959a5876284af48","service":"user-service","timestamp":"2023-09-02 17:09:09"}
{"level":"info","message":"Utilisateur authentifié avec succès. ID de l'utilisateur : 64ef73185959a5876284af48","service":"user-service","timestamp":"2023-09-02 17:09:44"}
{"level":"info","message":"Utilisateur authentifié avec succès. ID de l'utilisateur : 64ef73185959a5876284af48","service":"user-service","timestamp":"2023-09-02 17:13:40"}
{"level":"info","message":"Utilisateur authentifié avec succès. ID de l'utilisateur : 64ef73185959a5876284af48","service":"user-service","timestamp":"2023-09-02 17:14:25"}
{"level":"info","message":"Utilisateur authentifié avec succès. ID de l'utilisateur : 64ef73185959a5876284af48","service":"user-service","timestamp":"2023-09-02 17:15:23"}
{"level":"info","message":"Utilisateur authentifié avec succès. ID de l'utilisateur : 64ef73185959a5876284af48","service":"user-service","timestamp":"2023-09-02 17:16:49"}
{"level":"info","message":"Utilisateur authentifié avec succès. ID de l'utilisateur : 64ef73185959a5876284af48","service":"user-service","timestamp":"2023-09-02 17:17:43"}
{"level":"info","message":"Utilisateur authentifié avec succès. ID de l'utilisateur : 64ef73185959a5876284af48","service":"user-service","timestamp":"2023-09-02 17:18:13"}
{"level":"info","message":"Utilisateur authentifié avec succès. ID de l'utilisateur : 64ef73185959a5876284af48","service":"user-service","timestamp":"2023-09-02 17:18:21"}
{"level":"info","message":"Utilisateur authentifié avec succès. ID de l'utilisateur : 64ef73185959a5876284af48","service":"user-service","timestamp":"2023-09-02 17:19:09"}
{"level":"info","message":"Utilisateur authentifié avec succès. ID de l'utilisateur : 64ef73185959a5876284af48","service":"user-service","timestamp":"2023-09-02 17:20:15"}
{"level":"info","message":"Utilisateur authentifié avec succès. ID de l'utilisateur : 64ef73185959a5876284af48","service":"user-service","timestamp":"2023-09-02 17:23:03"}
{"level":"info","message":"Utilisateur authentifié avec succès. ID de l'utilisateur : 64ef73185959a5876284af48","service":"user-service","timestamp":"2023-09-02 17:23:34"}
{"level":"info","message":"Utilisateur authentifié avec succès. ID de l'utilisateur : 64ef73185959a5876284af48","service":"user-service","timestamp":"2023-09-02 17:24:47"}
{"level":"info","message":"Utilisateur authentifié avec succès. ID de l'utilisateur : 64ef73185959a5876284af48","service":"user-service","timestamp":"2023-09-02 17:27:49"}
{"level":"info","message":"Utilisateur authentifié avec succès. ID de l'utilisateur : 64ef73185959a5876284af48","service":"user-service","timestamp":"2023-09-02 19:09:03"}
{"level":"warn","message":"Échec de la validation à la création: \"title\" is required","service":"user-service","timestamp":"2023-09-02 19:09:03"}
{"level":"info","message":"Utilisateur authentifié avec succès. ID de l'utilisateur : 64ef73185959a5876284af48","service":"user-service","timestamp":"2023-09-02 19:09:22"}
{"level":"error","message":"Erreur interne du serveur: ValidationError: author: Path `author` is required.","service":"user-service","timestamp":"2023-09-02 19:09:22"}
{"level":"info","message":"Utilisateur authentifié avec succès. ID de l'utilisateur : 64ef73185959a5876284af48","service":"user-service","timestamp":"2023-09-02 19:09:46"}
{"level":"info","message":"Le post a bien été créé","service":"user-service","timestamp":"2023-09-02 19:09:46"}
{"level":"info","message":"Utilisateur authentifié avec succès. ID de l'utilisateur : 64ef73185959a5876284af48","service":"user-service","timestamp":"2023-09-02 23:10:51"}
{"level":"info","message":"Le post a bien été créé","service":"user-service","timestamp":"2023-09-02 23:10:51"}
{"level":"info","message":"Utilisateur authentifié avec succès. ID de l'utilisateur : 64ef73185959a5876284af48","service":"user-service","timestamp":"2023-09-02 23:12:06"}
{"level":"info","message":"Le post a bien été créé","service":"user-service","timestamp":"2023-09-02 23:12:06"}
{"level":"info","message":"Utilisateur authentifié avec succès. ID de l'utilisateur : 64ef73185959a5876284af48","service":"user-service","timestamp":"2023-09-02 23:12:55"}
{"level":"info","message":"Le post a bien été créé","service":"user-service","timestamp":"2023-09-02 23:12:55"}
{"level":"info","message":"Utilisateur authentifié avec succès. ID de l'utilisateur : 64ef73185959a5876284af48","service":"user-service","timestamp":"2023-09-03 01:00:20"}
{"level":"info","message":"Le post a bien été créé","service":"user-service","timestamp":"2023-09-03 01:00:20"}
{"level":"info","message":"Récupération de tous les posts réussie","service":"user-service","timestamp":"2023-09-05 15:20:52"}
{"level":"error","message":"Le token a expiré","service":"user-service","timestamp":"2023-09-07 12:15:31"}
{"level":"info","message":"Utilisateur snake@gmail.com connecté avec succès","service":"user-service","timestamp":"2023-09-07 12:15:35"}
{"level":"info","message":"Utilisateur authentifié avec succès. ID de l'utilisateur : 64ef73185959a5876284af48","service":"user-service","timestamp":"2023-09-07 12:15:53"}
{"level":"warn","message":"Échec de la validation à la création: \"intro\" is required","service":"user-service","timestamp":"2023-09-07 12:15:53"}
{"level":"info","message":"Utilisateur authentifié avec succès. ID de l'utilisateur : 64ef73185959a5876284af48","service":"user-service","timestamp":"2023-09-07 12:16:12"}
{"level":"warn","message":"Échec de la validation à la création: \"intro\" length must be at least 20 characters long","service":"user-service","timestamp":"2023-09-07 12:16:12"}
{"level":"info","message":"Utilisateur authentifié avec succès. ID de l'utilisateur : 64ef73185959a5876284af48","service":"user-service","timestamp":"2023-09-07 12:16:20"}
{"level":"info","message":"Le post a bien été créé","service":"user-service","timestamp":"2023-09-07 12:16:20"}
{"level":"info","message":"Récupération de tous les posts réussie","service":"user-service","timestamp":"2023-09-08 10:26:19"}
{"level":"info","message":"Récupération de tous les posts réussie","service":"user-service","timestamp":"2023-09-08 10:26:19"}
{"level":"info","message":"Récupération de tous les posts réussie","service":"user-service","timestamp":"2023-09-08 10:26:19"}
{"level":"info","message":"Récupération de tous les posts réussie","service":"user-service","timestamp":"2023-09-08 10:26:29"}
{"level":"info","message":"Récupération de tous les posts réussie","service":"user-service","timestamp":"2023-09-08 10:26:29"}
{"level":"info","message":"Récupération de tous les posts réussie","service":"user-service","timestamp":"2023-09-08 10:32:55"}
{"level":"info","message":"Récupération de tous les posts réussie","service":"user-service","timestamp":"2023-09-08 10:32:55"}
{"level":"info","message":"Récupération de tous les posts réussie","service":"user-service","timestamp":"2023-09-08 10:32:56"}
{"level":"info","message":"Récupération de tous les posts réussie","service":"user-service","timestamp":"2023-09-08 10:33:55"}
{"level":"info","message":"Récupération de tous les posts réussie","service":"user-service","timestamp":"2023-09-08 10:34:13"}
{"level":"info","message":"Récupération de tous les posts réussie","service":"user-service","timestamp":"2023-09-08 10:35:55"}
{"level":"info","message":"Récupération de tous les posts réussie","service":"user-service","timestamp":"2023-09-08 10:36:15"}
{"level":"info","message":"Récupération de tous les posts réussie","service":"user-service","timestamp":"2023-09-08 10:36:17"}
{"level":"info","message":"Récupération de tous les posts réussie","service":"user-service","timestamp":"2023-09-08 10:36:34"}
{"level":"info","message":"Récupération de tous les posts réussie","service":"user-service","timestamp":"2023-09-08 10:37:13"}
{"level":"info","message":"Récupération de tous les posts réussie","service":"user-service","timestamp":"2023-09-08 10:37:43"}
{"level":"info","message":"Récupération de tous les posts réussie","service":"user-service","timestamp":"2023-09-08 10:37:46"}
{"level":"info","message":"Récupération de tous les posts réussie","service":"user-service","timestamp":"2023-09-08 10:38:12"}
{"level":"info","message":"Récupération de tous les posts réussie","service":"user-service","timestamp":"2023-09-08 10:38:12"}
{"level":"info","message":"Récupération de tous les posts réussie","service":"user-service","timestamp":"2023-09-08 10:38:24"}
{"level":"info","message":"Récupération de tous les posts réussie","service":"user-service","timestamp":"2023-09-08 10:38:24"}
{"level":"info","message":"Récupération de tous les posts réussie","service":"user-service","timestamp":"2023-09-08 10:44:01"}
{"level":"info","message":"Récupération de tous les posts réussie","service":"user-service","timestamp":"2023-09-08 10:47:43"}
{"level":"info","message":"Récupération de tous les posts réussie","service":"user-service","timestamp":"2023-09-08 10:47:44"}
{"level":"info","message":"Récupération de tous les posts réussie","service":"user-service","timestamp":"2023-09-08 10:48:39"}
{"level":"info","message":"Récupération de tous les posts réussie","service":"user-service","timestamp":"2023-09-08 10:48:42"}
{"level":"info","message":"Récupération de tous les posts réussie","service":"user-service","timestamp":"2023-09-08 10:49:26"}
{"level":"info","message":"Récupération de tous les posts réussie","service":"user-service","timestamp":"2023-09-08 10:50:38"}
{"level":"info","message":"Récupération de tous les posts réussie","service":"user-service","timestamp":"2023-09-08 10:53:03"}
{"level":"info","message":"Récupération de tous les posts réussie","service":"user-service","timestamp":"2023-09-08 10:53:05"}
{"level":"info","message":"Récupération de tous les posts réussie","service":"user-service","timestamp":"2023-09-08 10:54:43"}
{"level":"info","message":"Récupération de tous les posts réussie","service":"user-service","timestamp":"2023-09-08 10:56:10"}
{"level":"info","message":"Récupération de tous les posts réussie","service":"user-service","timestamp":"2023-09-08 10:56:19"}
{"level":"info","message":"Récupération de tous les posts réussie","service":"user-service","timestamp":"2023-09-08 10:57:07"}
{"level":"info","message":"Récupération de tous les posts réussie","service":"user-service","timestamp":"2023-09-08 10:57:54"}
{"level":"info","message":"Récupération de tous les posts réussie","service":"user-service","timestamp":"2023-09-08 10:59:37"}
{"level":"info","message":"Récupération de tous les posts réussie","service":"user-service","timestamp":"2023-09-08 10:59:38"}
{"level":"info","message":"Récupération de tous les posts réussie","service":"user-service","timestamp":"2023-09-08 10:59:54"}
{"level":"info","message":"Récupération de tous les posts réussie","service":"user-service","timestamp":"2023-09-08 11:01:54"}
{"level":"info","message":"Récupération de tous les posts réussie","service":"user-service","timestamp":"2023-09-08 11:01:54"}
{"level":"info","message":"Récupération de tous les posts réussie","service":"user-service","timestamp":"2023-09-08 11:03:02"}
{"level":"info","message":"Récupération de tous les posts réussie","service":"user-service","timestamp":"2023-09-08 11:07:40"}
{"level":"info","message":"Récupération de tous les posts réussie","service":"user-service","timestamp":"2023-09-08 11:07:40"}
{"level":"info","message":"Récupération de tous les posts réussie","service":"user-service","timestamp":"2023-09-08 11:09:22"}
{"level":"info","message":"Récupération de tous les posts réussie","service":"user-service","timestamp":"2023-09-08 11:17:57"}
{"level":"info","message":"Récupération de tous les posts réussie","service":"user-service","timestamp":"2023-09-08 11:18:00"}
{"level":"info","message":"Récupération de tous les posts réussie","service":"user-service","timestamp":"2023-09-08 11:30:11"}
{"level":"info","message":"Récupération de tous les posts réussie","service":"user-service","timestamp":"2023-09-08 11:30:11"}
{"level":"info","message":"Récupération de tous les posts réussie","service":"user-service","timestamp":"2023-09-08 11:31:31"}
{"level":"info","message":"Récupération de tous les posts réussie","service":"user-service","timestamp":"2023-09-08 11:31:31"}
{"level":"info","message":"Récupération de tous les posts réussie","service":"user-service","timestamp":"2023-09-08 11:34:23"}
{"level":"info","message":"Récupération de tous les posts réussie","service":"user-service","timestamp":"2023-09-08 11:34:23"}
{"level":"info","message":"Récupération de tous les posts réussie","service":"user-service","timestamp":"2023-09-08 11:36:46"}
{"level":"info","message":"Récupération de tous les posts réussie","service":"user-service","timestamp":"2023-09-08 11:36:46"}
{"level":"info","message":"Récupération de tous les posts réussie","service":"user-service","timestamp":"2023-09-08 11:37:55"}
{"level":"info","message":"Récupération de tous les posts réussie","service":"user-service","timestamp":"2023-09-08 11:37:55"}
{"level":"info","message":"Utilisateur snake@gmail.com connecté avec succès","service":"user-service","timestamp":"2023-09-08 11:44:01"}
{"level":"info","message":"Utilisateur authentifié avec succès. ID de l'utilisateur : 64ef73185959a5876284af48","service":"user-service","timestamp":"2023-09-08 11:44:14"}
{"level":"info","message":"Le post a bien été créé","service":"user-service","timestamp":"2023-09-08 11:44:14"}
{"level":"info","message":"Récupération de tous les posts réussie","service":"user-service","timestamp":"2023-09-08 11:44:23"}
{"level":"info","message":"Récupération de tous les posts réussie","service":"user-service","timestamp":"2023-09-08 11:44:23"}
{"level":"info","message":"Utilisateur authentifié avec succès. ID de l'utilisateur : 64ef73185959a5876284af48","service":"user-service","timestamp":"2023-09-08 11:52:10"}
{"level":"info","message":"Le post a bien été créé","service":"user-service","timestamp":"2023-09-08 11:52:10"}
{"level":"info","message":"Utilisateur authentifié avec succès. ID de l'utilisateur : 64ef73185959a5876284af48","service":"user-service","timestamp":"2023-09-08 11:52:15"}
{"level":"info","message":"Le post a bien été créé","service":"user-service","timestamp":"2023-09-08 11:52:15"}
{"level":"info","message":"Utilisateur authentifié avec succès. ID de l'utilisateur : 64ef73185959a5876284af48","service":"user-service","timestamp":"2023-09-08 11:52:19"}
{"level":"info","message":"Le post a bien été créé","service":"user-service","timestamp":"2023-09-08 11:52:19"}
{"level":"info","message":"Utilisateur authentifié avec succès. ID de l'utilisateur : 64ef73185959a5876284af48","service":"user-service","timestamp":"2023-09-08 11:52:25"}
{"level":"info","message":"Le post a bien été créé","service":"user-service","timestamp":"2023-09-08 11:52:25"}
{"level":"info","message":"Récupération de tous les posts réussie","service":"user-service","timestamp":"2023-09-08 11:52:31"}
{"level":"info","message":"Récupération de tous les posts réussie","service":"user-service","timestamp":"2023-09-08 11:52:31"}
{"level":"info","message":"Utilisateur authentifié avec succès. ID de l'utilisateur : 64ef73185959a5876284af48","service":"user-service","timestamp":"2023-09-08 11:54:47"}
{"level":"info","message":"Le post a bien été créé","service":"user-service","timestamp":"2023-09-08 11:54:47"}
{"level":"info","message":"Récupération de tous les posts réussie","service":"user-service","timestamp":"2023-09-08 11:54:53"}
{"level":"info","message":"Récupération de tous les posts réussie","service":"user-service","timestamp":"2023-09-08 11:54:53"}
{"level":"info","message":"Récupération de tous les posts réussie","service":"user-service","timestamp":"2023-09-08 12:00:04"}
{"level":"info","message":"Récupération de tous les posts réussie","service":"user-service","timestamp":"2023-09-08 12:00:04"}
{"level":"info","message":"Récupération de tous les posts réussie","service":"user-service","timestamp":"2023-09-08 12:09:12"}
{"level":"info","message":"Récupération de tous les posts réussie","service":"user-service","timestamp":"2023-09-08 12:09:12"}
{"level":"info","message":"Récupération de tous les posts réussie","service":"user-service","timestamp":"2023-09-08 12:15:48"}
{"level":"info","message":"Récupération de tous les posts réussie","service":"user-service","timestamp":"2023-09-08 12:15:48"}
{"level":"info","message":"Récupération de tous les posts réussie","service":"user-service","timestamp":"2023-09-08 12:16:11"}
{"level":"info","message":"Récupération de tous les posts réussie","service":"user-service","timestamp":"2023-09-08 12:16:11"}
{"level":"info","message":"Récupération de tous les posts réussie","service":"user-service","timestamp":"2023-09-08 12:18:39"}
{"level":"info","message":"Récupération de tous les posts réussie","service":"user-service","timestamp":"2023-09-08 12:18:39"}
{"level":"info","message":"Récupération de tous les posts réussie","service":"user-service","timestamp":"2023-09-08 12:19:42"}
{"level":"info","message":"Récupération de tous les posts réussie","service":"user-service","timestamp":"2023-09-08 12:19:42"}
{"level":"info","message":"Récupération de tous les posts réussie","service":"user-service","timestamp":"2023-09-08 12:29:02"}
{"level":"info","message":"Récupération de tous les posts réussie","service":"user-service","timestamp":"2023-09-08 12:29:02"}
{"level":"info","message":"Récupération de tous les posts réussie","service":"user-service","timestamp":"2023-09-08 12:29:29"}
{"level":"info","message":"Récupération de tous les posts réussie","service":"user-service","timestamp":"2023-09-08 12:29:29"}
{"level":"info","message":"Récupération de tous les posts réussie","service":"user-service","timestamp":"2023-09-08 12:29:49"}
{"level":"info","message":"Récupération de tous les posts réussie","service":"user-service","timestamp":"2023-09-08 12:29:49"}
{"level":"info","message":"Récupération de tous les posts réussie","service":"user-service","timestamp":"2023-09-08 12:29:51"}
{"level":"info","message":"Récupération de tous les posts réussie","service":"user-service","timestamp":"2023-09-08 12:29:51"}
{"level":"info","message":"Récupération de tous les posts réussie","service":"user-service","timestamp":"2023-09-08 12:30:16"}
{"level":"info","message":"Récupération de tous les posts réussie","service":"user-service","timestamp":"2023-09-08 12:30:16"}
{"level":"info","message":"Récupération de tous les posts réussie","service":"user-service","timestamp":"2023-09-08 12:37:48"}
{"level":"info","message":"Récupération de tous les posts réussie","service":"user-service","timestamp":"2023-09-08 12:45:02"}
{"level":"info","message":"Récupération de tous les posts réussie","service":"user-service","timestamp":"2023-09-08 12:45:47"}
{"level":"info","message":"Récupération de tous les posts réussie","service":"user-service","timestamp":"2023-09-08 12:46:04"}
{"level":"info","message":"Récupération de tous les posts réussie","service":"user-service","timestamp":"2023-09-08 12:46:05"}
{"level":"info","message":"Récupération de tous les posts réussie","service":"user-service","timestamp":"2023-09-08 12:52:23"}
{"level":"info","message":"Récupération de tous les posts réussie","service":"user-service","timestamp":"2023-09-08 12:53:47"}
{"level":"info","message":"Récupération de tous les posts réussie","service":"user-service","timestamp":"2023-09-08 15:15:50"}
{"level":"info","message":"Récupération de tous les posts réussie","service":"user-service","timestamp":"2023-09-08 15:15:50"}
{"level":"info","message":"Récupération de tous les posts réussie","service":"user-service","timestamp":"2023-09-08 15:15:51"}
{"level":"info","message":"Récupération de tous les posts réussie","service":"user-service","timestamp":"2023-09-08 15:15:51"}
{"level":"info","message":"Récupération de tous les posts réussie","service":"user-service","timestamp":"2023-09-08 15:59:45"}
{"level":"info","message":"Récupération de tous les posts réussie","service":"user-service","timestamp":"2023-09-08 15:59:45"}
{"level":"info","message":"Récupération de tous les posts réussie","service":"user-service","timestamp":"2023-09-08 16:04:07"}
{"level":"info","message":"Récupération de tous les posts réussie","service":"user-service","timestamp":"2023-09-08 16:04:07"}
{"level":"info","message":"Récupération de tous les posts réussie","service":"user-service","timestamp":"2023-09-08 16:21:44"}
{"level":"info","message":"Récupération de tous les posts réussie","service":"user-service","timestamp":"2023-09-08 16:22:03"}
{"level":"info","message":"Récupération de tous les posts réussie","service":"user-service","timestamp":"2023-09-08 16:22:09"}
{"level":"info","message":"Récupération de tous les posts réussie","service":"user-service","timestamp":"2023-09-08 16:22:09"}
{"level":"info","message":"Récupération de tous les posts réussie","service":"user-service","timestamp":"2023-09-08 16:22:50"}
{"level":"info","message":"Récupération de tous les posts réussie","service":"user-service","timestamp":"2023-09-08 16:22:50"}
{"level":"info","message":"Récupération de tous les posts réussie","service":"user-service","timestamp":"2023-09-08 16:23:15"}
{"level":"info","message":"Récupération de tous les posts réussie","service":"user-service","timestamp":"2023-09-08 16:23:15"}
{"level":"info","message":"Récupération de tous les posts réussie","service":"user-service","timestamp":"2023-09-08 16:23:41"}
{"level":"info","message":"Récupération de tous les posts réussie","service":"user-service","timestamp":"2023-09-08 16:23:41"}
{"level":"info","message":"Récupération de tous les posts réussie","service":"user-service","timestamp":"2023-09-08 16:23:42"}
{"level":"info","message":"Récupération de tous les posts réussie","service":"user-service","timestamp":"2023-09-08 16:23:42"}
{"level":"info","message":"Récupération de tous les posts réussie","service":"user-service","timestamp":"2023-09-08 16:24:07"}
{"level":"info","message":"Récupération de tous les posts réussie","service":"user-service","timestamp":"2023-09-08 16:24:07"}
{"level":"info","message":"Récupération de tous les posts réussie","service":"user-service","timestamp":"2023-09-08 16:24:08"}
{"level":"info","message":"Récupération de tous les posts réussie","service":"user-service","timestamp":"2023-09-08 16:24:08"}
{"level":"info","message":"Récupération de tous les posts réussie","service":"user-service","timestamp":"2023-09-08 18:10:41"}
{"level":"info","message":"Récupération de tous les posts réussie","service":"user-service","timestamp":"2023-09-08 18:10:41"}
{"level":"info","message":"Récupération de tous les posts réussie","service":"user-service","timestamp":"2023-09-08 18:12:08"}
{"level":"info","message":"Récupération de tous les posts réussie","service":"user-service","timestamp":"2023-09-08 18:12:08"}
{"level":"info","message":"Récupération de tous les posts réussie","service":"user-service","timestamp":"2023-09-08 18:23:29"}
{"level":"info","message":"Récupération de tous les posts réussie","service":"user-service","timestamp":"2023-09-08 18:23:29"}
{"level":"info","message":"Récupération de tous les posts réussie","service":"user-service","timestamp":"2023-09-08 18:25:50"}
{"level":"info","message":"Récupération de tous les posts réussie","service":"user-service","timestamp":"2023-09-08 18:25:50"}
{"level":"info","message":"Récupération de tous les posts réussie","service":"user-service","timestamp":"2023-09-08 18:29:21"}
{"level":"info","message":"Récupération de tous les posts réussie","service":"user-service","timestamp":"2023-09-08 18:29:21"}
{"level":"info","message":"Récupération de tous les posts réussie","service":"user-service","timestamp":"2023-09-08 18:33:19"}
{"level":"info","message":"Récupération de tous les posts réussie","service":"user-service","timestamp":"2023-09-08 18:33:19"}
{"level":"info","message":"Récupération de tous les posts réussie","service":"user-service","timestamp":"2023-09-08 18:35:20"}
{"level":"info","message":"Récupération de tous les posts réussie","service":"user-service","timestamp":"2023-09-08 18:35:20"}
{"level":"info","message":"Récupération de tous les posts réussie","service":"user-service","timestamp":"2023-09-08 18:38:24"}
{"level":"info","message":"Récupération de tous les posts réussie","service":"user-service","timestamp":"2023-09-08 18:38:24"}
{"level":"info","message":"Récupération de tous les posts réussie","service":"user-service","timestamp":"2023-09-08 18:44:45"}
{"level":"info","message":"Récupération de tous les posts réussie","service":"user-service","timestamp":"2023-09-08 18:44:45"}
{"level":"info","message":"Récupération de tous les posts réussie","service":"user-service","timestamp":"2023-09-08 18:45:32"}
{"level":"info","message":"Récupération de tous les posts réussie","service":"user-service","timestamp":"2023-09-08 18:45:32"}
{"level":"info","message":"Récupération de tous les posts réussie","service":"user-service","timestamp":"2023-09-08 18:45:35"}
{"level":"info","message":"Récupération de tous les posts réussie","service":"user-service","timestamp":"2023-09-08 18:45:35"}
{"level":"info","message":"Récupération de tous les posts réussie","service":"user-service","timestamp":"2023-09-08 18:45:35"}
{"level":"info","message":"Récupération de tous les posts réussie","service":"user-service","timestamp":"2023-09-08 18:45:35"}
{"level":"info","message":"Récupération de tous les posts réussie","service":"user-service","timestamp":"2023-09-08 18:45:44"}
{"level":"info","message":"Récupération de tous les posts réussie","service":"user-service","timestamp":"2023-09-08 18:45:44"}
{"level":"info","message":"Récupération de tous les posts réussie","service":"user-service","timestamp":"2023-09-08 18:47:31"}
{"level":"info","message":"Récupération de tous les posts réussie","service":"user-service","timestamp":"2023-09-08 18:47:31"}
{"level":"info","message":"Récupération de tous les posts réussie","service":"user-service","timestamp":"2023-09-08 18:48:23"}
{"level":"info","message":"Récupération de tous les posts réussie","service":"user-service","timestamp":"2023-09-08 18:48:23"}
{"level":"info","message":"Récupération de tous les posts réussie","service":"user-service","timestamp":"2023-09-08 18:49:16"}
{"level":"info","message":"Récupération de tous les posts réussie","service":"user-service","timestamp":"2023-09-08 18:49:16"}
{"level":"info","message":"Récupération de tous les posts réussie","service":"user-service","timestamp":"2023-09-08 18:50:10"}
{"level":"info","message":"Récupération de tous les posts réussie","service":"user-service","timestamp":"2023-09-08 18:50:10"}
{"level":"info","message":"Récupération de tous les posts réussie","service":"user-service","timestamp":"2023-09-08 19:04:28"}
{"level":"info","message":"Récupération de tous les posts réussie","service":"user-service","timestamp":"2023-09-08 19:04:28"}
{"level":"info","message":"Récupération de tous les posts réussie","service":"user-service","timestamp":"2023-09-08 19:05:08"}
{"level":"info","message":"Récupération de tous les posts réussie","service":"user-service","timestamp":"2023-09-08 19:05:08"}
{"level":"info","message":"Récupération de tous les posts réussie","service":"user-service","timestamp":"2023-09-08 19:36:02"}
{"level":"info","message":"Récupération de tous les posts réussie","service":"user-service","timestamp":"2023-09-08 19:36:02"}
{"level":"info","message":"Récupération de tous les posts réussie","service":"user-service","timestamp":"2023-09-08 22:32:22"}
{"level":"info","message":"Récupération de tous les posts réussie","service":"user-service","timestamp":"2023-09-08 22:32:22"}
{"level":"info","message":"Récupération de tous les posts réussie","service":"user-service","timestamp":"2023-09-08 22:39:29"}
{"level":"info","message":"Récupération de tous les posts réussie","service":"user-service","timestamp":"2023-09-08 22:39:29"}
{"level":"info","message":"Récupération de tous les posts réussie","service":"user-service","timestamp":"2023-09-08 22:46:47"}
{"level":"info","message":"Récupération de tous les posts réussie","service":"user-service","timestamp":"2023-09-08 22:46:47"}
{"level":"info","message":"Récupération de tous les posts réussie","service":"user-service","timestamp":"2023-09-08 23:02:57"}
{"level":"info","message":"Récupération de tous les posts réussie","service":"user-service","timestamp":"2023-09-08 23:02:57"}
{"level":"info","message":"Récupération de tous les posts réussie","service":"user-service","timestamp":"2023-09-08 23:10:45"}
{"level":"info","message":"Récupération de tous les posts réussie","service":"user-service","timestamp":"2023-09-08 23:10:45"}
{"level":"info","message":"Récupération de tous les posts réussie","service":"user-service","timestamp":"2023-09-08 23:11:06"}
{"level":"info","message":"Récupération de tous les posts réussie","service":"user-service","timestamp":"2023-09-08 23:11:06"}
{"level":"info","message":"Récupération de tous les posts réussie","service":"user-service","timestamp":"2023-09-08 23:11:26"}
{"level":"info","message":"Récupération de tous les posts réussie","service":"user-service","timestamp":"2023-09-08 23:11:26"}
{"level":"info","message":"Récupération de tous les posts réussie","service":"user-service","timestamp":"2023-09-08 23:12:19"}
{"level":"info","message":"Récupération de tous les posts réussie","service":"user-service","timestamp":"2023-09-08 23:12:19"}
{"level":"info","message":"Récupération de tous les posts réussie","service":"user-service","timestamp":"2023-09-08 23:18:50"}
{"level":"info","message":"Récupération de tous les posts réussie","service":"user-service","timestamp":"2023-09-08 23:18:50"}
{"level":"info","message":"Récupération de tous les posts réussie","service":"user-service","timestamp":"2023-09-08 23:19:23"}
{"level":"info","message":"Récupération de tous les posts réussie","service":"user-service","timestamp":"2023-09-08 23:19:23"}
{"level":"info","message":"Récupération de tous les posts réussie","service":"user-service","timestamp":"2023-09-09 00:03:02"}
{"level":"info","message":"Récupération de tous les posts réussie","service":"user-service","timestamp":"2023-09-09 00:03:02"}
{"level":"info","message":"Récupération de tous les posts réussie","service":"user-service","timestamp":"2023-09-09 00:11:55"}
{"level":"info","message":"Récupération de tous les posts réussie","service":"user-service","timestamp":"2023-09-09 00:11:55"}
{"level":"info","message":"Récupération de tous les posts réussie","service":"user-service","timestamp":"2023-09-09 00:13:17"}
{"level":"info","message":"Récupération de tous les posts réussie","service":"user-service","timestamp":"2023-09-09 00:13:17"}
{"level":"warn","message":"Échec de la validation lors de la création d'un nouvel utilisateur","service":"user-service","timestamp":"2023-09-09 00:16:55"}
{"level":"info","message":"Récupération de tous les posts réussie","service":"user-service","timestamp":"2023-09-09 11:13:53"}
{"level":"info","message":"Récupération de tous les posts réussie","service":"user-service","timestamp":"2023-09-09 11:13:53"}
{"level":"info","message":"Récupération de tous les posts réussie","service":"user-service","timestamp":"2023-09-09 11:14:04"}
{"level":"info","message":"Récupération de tous les posts réussie","service":"user-service","timestamp":"2023-09-09 11:14:04"}
{"level":"info","message":"Récupération de tous les posts réussie","service":"user-service","timestamp":"2023-09-09 11:15:47"}
{"level":"info","message":"Récupération de tous les posts réussie","service":"user-service","timestamp":"2023-09-09 11:15:47"}
{"level":"info","message":"Utilisateur naruto@gmail.com créé avec succès","service":"user-service","timestamp":"2023-09-09 11:17:28"}
{"level":"info","message":"Utilisateur otacon@gmail.com créé avec succès","service":"user-service","timestamp":"2023-09-09 11:21:21"}
{"level":"info","message":"Récupération de tous les posts réussie","service":"user-service","timestamp":"2023-09-09 11:32:17"}
{"level":"info","message":"Récupération de tous les posts réussie","service":"user-service","timestamp":"2023-09-09 11:32:17"}
{"level":"info","message":"Récupération de tous les posts réussie","service":"user-service","timestamp":"2023-09-09 11:37:24"}
{"level":"info","message":"Récupération de tous les posts réussie","service":"user-service","timestamp":"2023-09-09 11:37:24"}
{"level":"info","message":"Récupération de tous les posts réussie","service":"user-service","timestamp":"2023-09-09 11:39:20"}
{"level":"info","message":"Récupération de tous les posts réussie","service":"user-service","timestamp":"2023-09-09 11:39:20"}
{"level":"warn","message":"Échec de la validation lors de la création d'un nouvel utilisateur","service":"user-service","timestamp":"2023-09-09 11:40:12"}
{"level":"info","message":"Utilisateur naruto@gmail.com connecté avec succès","service":"user-service","timestamp":"2023-09-09 11:43:19"}
{"level":"info","message":"Utilisateur naruto@gmail.com connecté avec succès","service":"user-service","timestamp":"2023-09-09 11:55:58"}
{"level":"info","message":"Utilisateur naruto@gmail.com connecté avec succès","service":"user-service","timestamp":"2023-09-09 11:56:17"}
{"level":"info","message":"Utilisateur naruto@gmail.com connecté avec succès","service":"user-service","timestamp":"2023-09-09 11:56:28"}
{"level":"info","message":"Récupération de tous les posts réussie","service":"user-service","timestamp":"2023-09-09 11:57:28"}
{"level":"info","message":"Récupération de tous les posts réussie","service":"user-service","timestamp":"2023-09-09 11:57:28"}
{"level":"info","message":"Utilisateur otacon@gmail.com connecté avec succès","service":"user-service","timestamp":"2023-09-09 11:57:35"}
{"level":"info","message":"Récupération de tous les posts réussie","service":"user-service","timestamp":"2023-09-09 12:16:04"}
{"level":"info","message":"Récupération de tous les posts réussie","service":"user-service","timestamp":"2023-09-09 12:16:04"}
{"level":"info","message":"Récupération de tous les posts réussie","service":"user-service","timestamp":"2023-09-09 12:20:54"}
{"level":"info","message":"Récupération de tous les posts réussie","service":"user-service","timestamp":"2023-09-09 12:20:54"}
{"level":"info","message":"Utilisateur otacon@gmail.com connecté avec succès","service":"user-service","timestamp":"2023-09-09 12:23:00"}
{"level":"info","message":"Récupération de tous les posts réussie","service":"user-service","timestamp":"2023-09-09 12:54:43"}
{"level":"info","message":"Récupération de tous les posts réussie","service":"user-service","timestamp":"2023-09-09 12:54:43"}
{"level":"info","message":"Utilisateur otacon@gmail.com connecté avec succès","service":"user-service","timestamp":"2023-09-09 12:54:50"}
