{"level":"error","message":"Erreur lors de la connexion d'un utilisateur","service":"user-service","timestamp":"2023-08-31 13:32:21"}
{"level":"error","message":"Erreur lors de la connexion d'un utilisateur","service":"user-service","timestamp":"2023-08-31 13:33:30"}
{"level":"error","message":"Erreur lors de la connexion d'un utilisateur","service":"user-service","timestamp":"2023-08-31 13:34:13"}
{"level":"error","message":"Erreur lors de la connexion d'un utilisateur","service":"user-service","timestamp":"2023-08-31 13:36:38"}
{"level":"error","message":"Erreur lors de la connexion d'un utilisateur","service":"user-service","timestamp":"2023-08-31 13:37:25"}
{"level":"error","message":"Erreur lors de la connexion d'un utilisateur","service":"user-service","timestamp":"2023-08-31 13:37:43"}
{"level":"error","message":"Erreur lors de la connexion d'un utilisateur","service":"user-service","timestamp":"2023-08-31 13:38:40"}
{"level":"error","message":"Erreur lors de la connexion d'un utilisateur","service":"user-service","timestamp":"2023-08-31 13:43:12"}
{"level":"error","message":"Erreur lors de la connexion d'un utilisateur","service":"user-service","timestamp":"2023-08-31 13:43:32"}
{"level":"error","message":"Erreur lors de la connexion d'un utilisateur","service":"user-service","timestamp":"2023-08-31 13:44:11"}
{"level":"error","message":"Token invalide","service":"user-service","timestamp":"2023-08-31 14:41:31"}
{"level":"error","message":"Token invalide","service":"user-service","timestamp":"2023-08-31 14:49:31"}
{"level":"error","message":"Vous n'avez pas fourni de jeton d'authentification. Ajoutez-en un dans l'en-tête de la requête.","service":"user-service","timestamp":"2023-08-31 19:25:50"}
{"level":"error","message":"Le token a expiré","service":"user-service","timestamp":"2023-09-02 12:44:42"}
{"level":"error","message":"Erreur interne du serveur: ValidationError: author: Path `author` is required.","service":"user-service","timestamp":"2023-09-02 19:09:22"}
{"level":"error","message":"Le token a expiré","service":"user-service","timestamp":"2023-09-07 12:15:31"}
{"level":"error","message":"Le token a expiré","service":"user-service","timestamp":"2023-09-12 14:31:04"}
{"level":"error","message":"Erreur interne du serveur: ReferenceError: commentToDelete is not defined","service":"user-service","timestamp":"2023-09-12 14:57:38"}
{"level":"error","message":"Vous n'avez pas fourni de jeton d'authentification. Ajoutez-en un dans l'en-tête de la requête.","service":"user-service","timestamp":"2023-09-12 18:01:41"}
{"level":"error","message":"Vous n'avez pas fourni de jeton d'authentification. Ajoutez-en un dans l'en-tête de la requête.","service":"user-service","timestamp":"2023-09-12 18:02:47"}
{"level":"error","message":"Vous n'avez pas fourni de jeton d'authentification. Ajoutez-en un dans l'en-tête de la requête.","service":"user-service","timestamp":"2023-09-12 18:04:44"}
{"level":"error","message":"Token invalide","service":"user-service","timestamp":"2023-09-12 18:13:47"}
{"level":"error","message":"Token invalide","service":"user-service","timestamp":"2023-09-12 18:14:11"}
{"level":"error","message":"Erreur lors de la récupération d'un utilisateur","service":"user-service","timestamp":"2023-09-13 15:54:30"}
{"level":"error","message":"Erreur lors de la récupération d'un utilisateur","service":"user-service","timestamp":"2023-09-13 15:55:17"}
{"level":"error","message":"Erreur lors de la récupération d'un utilisateur","service":"user-service","timestamp":"2023-09-13 15:55:27"}
{"level":"error","message":"Erreur lors de la récupération d'un utilisateur","service":"user-service","timestamp":"2023-09-13 15:56:05"}
{"level":"error","message":"Vous n'avez pas fourni de jeton d'authentification. Ajoutez-en un dans l'en-tête de la requête.","service":"user-service","timestamp":"2023-09-14 18:23:41"}
{"level":"error","message":"Vous n'avez pas fourni de jeton d'authentification. Ajoutez-en un dans l'en-tête de la requête.","service":"user-service","timestamp":"2023-09-14 18:25:04"}
{"level":"error","message":"Erreur interne du serveur: ValidationError: author: Path `author` is required.","service":"user-service","timestamp":"2023-09-15 11:56:56"}
{"level":"error","message":"Vous n'avez pas fourni de jeton d'authentification. Ajoutez-en un dans l'en-tête de la requête.","service":"user-service","timestamp":"2023-09-15 15:18:04"}
{"level":"error","message":"Vous n'avez pas fourni de jeton d'authentification. Ajoutez-en un dans l'en-tête de la requête.","service":"user-service","timestamp":"2023-09-15 15:18:14"}
{"level":"error","message":"Vous n'avez pas fourni de jeton d'authentification. Ajoutez-en un dans l'en-tête de la requête.","service":"user-service","timestamp":"2023-09-15 16:15:44"}
{"level":"error","message":"Vous n'avez pas fourni de jeton d'authentification. Ajoutez-en un dans l'en-tête de la requête.","service":"user-service","timestamp":"2023-09-15 16:19:23"}
{"level":"error","message":"Erreur interne du serveur: ValidationError: author: Path `author` is required.","service":"user-service","timestamp":"2023-09-15 16:20:02"}
{"level":"error","message":"Erreur interne du serveur: ValidationError: author: Path `author` is required.","service":"user-service","timestamp":"2023-09-15 16:20:35"}
{"level":"error","message":"Token invalide","service":"user-service","timestamp":"2023-09-17 11:34:54"}
{"level":"error","message":"Erreur interne du serveur: ValidationError: author: Cast to ObjectId failed for value \"{\n  token: 'eyJhbGciOiJIUzI1NiIsInR5cCI6IkpXVCJ9.eyJ1c2VySWQiOiI2NGZjMzkxMTBlOGI0ODFkOTE1YzU4MzciLCJpYXQiOjE2OTQ5NDI4MzUsImV4cCI6MTY5NTAyOTIzNX0.BT7GSVwtY4Jk0YaqAA5uPgPkNyDimZQh-7W4QV46hAs',\n  userId: '64fc39110e8b481d915c5837'\n}\" (type Object) at path \"author\" because of \"BSONError\"","service":"user-service","timestamp":"2023-09-17 11:36:37"}
{"level":"error","message":"Erreur interne du serveur: ValidationError: author: Cast to ObjectId failed for value \"{\n  token: 'eyJhbGciOiJIUzI1NiIsInR5cCI6IkpXVCJ9.eyJ1c2VySWQiOiI2NGZjMzkxMTBlOGI0ODFkOTE1YzU4MzciLCJpYXQiOjE2OTQ5NDI4MzUsImV4cCI6MTY5NTAyOTIzNX0.BT7GSVwtY4Jk0YaqAA5uPgPkNyDimZQh-7W4QV46hAs',\n  userId: '64fc39110e8b481d915c5837'\n}\" (type Object) at path \"author\" because of \"BSONError\"","service":"user-service","timestamp":"2023-09-17 11:37:16"}
{"level":"error","message":"Erreur interne du serveur: ValidationError: author: Cast to ObjectId failed for value \"[object Object]\" (type string) at path \"author\" because of \"BSONError\"","service":"user-service","timestamp":"2023-09-17 11:38:20"}
{"level":"error","message":"Vous n'avez pas fourni de jeton d'authentification. Ajoutez-en un dans l'en-tête de la requête.","service":"user-service","timestamp":"2023-09-18 18:28:07"}
{"level":"error","message":"Token invalide","service":"user-service","timestamp":"2023-09-18 21:21:56"}
{"level":"error","message":"Vous n'avez pas fourni de jeton d'authentification. Ajoutez-en un dans l'en-tête de la requête.","service":"user-service","timestamp":"2023-09-18 21:31:09"}
{"level":"error","message":"Vous n'avez pas fourni de jeton d'authentification. Ajoutez-en un dans l'en-tête de la requête.","service":"user-service","timestamp":"2023-09-18 21:33:53"}
{"level":"error","message":"Vous n'avez pas fourni de jeton d'authentification. Ajoutez-en un dans l'en-tête de la requête.","service":"user-service","timestamp":"2023-09-18 21:34:15"}
{"level":"error","message":"Vous n'avez pas fourni de jeton d'authentification. Ajoutez-en un dans l'en-tête de la requête.","service":"user-service","timestamp":"2023-09-19 23:38:51"}
{"level":"error","message":"Vous n'avez pas fourni de jeton d'authentification. Ajoutez-en un dans l'en-tête de la requête.","service":"user-service","timestamp":"2023-09-19 23:40:55"}
{"level":"error","message":"Le token a expiré","service":"user-service","timestamp":"2023-09-21 10:03:29"}
